Determining if the function crc32c_value exists in the crc32c failed with the following output:
Change Dir: /home/ubuntu/code/bourbon/build/CMakeFiles/CMakeTmp

Run Build Command(s):/usr/bin/make cmTC_fd542/fast && /usr/bin/make -f CMakeFiles/cmTC_fd542.dir/build.make CMakeFiles/cmTC_fd542.dir/build
make[1]: Entering directory '/home/ubuntu/code/bourbon/build/CMakeFiles/CMakeTmp'
Building C object CMakeFiles/cmTC_fd542.dir/CheckFunctionExists.c.o
/usr/bin/cc   -DCHECK_FUNCTION_EXISTS=crc32c_value   -o CMakeFiles/cmTC_fd542.dir/CheckFunctionExists.c.o   -c /usr/share/cmake-3.16/Modules/CheckFunctionExists.c
Linking C executable cmTC_fd542
/usr/bin/cmake -E cmake_link_script CMakeFiles/cmTC_fd542.dir/link.txt --verbose=1
/usr/bin/cc  -DCHECK_FUNCTION_EXISTS=crc32c_value    CMakeFiles/cmTC_fd542.dir/CheckFunctionExists.c.o  -o cmTC_fd542  -lcrc32c 
/usr/bin/ld: cannot find -lcrc32c
collect2: error: ld returned 1 exit status
make[1]: *** [CMakeFiles/cmTC_fd542.dir/build.make:87: cmTC_fd542] Error 1
make[1]: Leaving directory '/home/ubuntu/code/bourbon/build/CMakeFiles/CMakeTmp'
make: *** [Makefile:121: cmTC_fd542/fast] Error 2



Determining if the function malloc exists in the tcmalloc failed with the following output:
Change Dir: /home/ubuntu/code/bourbon/build/CMakeFiles/CMakeTmp

Run Build Command(s):/usr/bin/make cmTC_19f87/fast && /usr/bin/make -f CMakeFiles/cmTC_19f87.dir/build.make CMakeFiles/cmTC_19f87.dir/build
make[1]: Entering directory '/home/ubuntu/code/bourbon/build/CMakeFiles/CMakeTmp'
Building C object CMakeFiles/cmTC_19f87.dir/CheckFunctionExists.c.o
/usr/bin/cc   -DCHECK_FUNCTION_EXISTS=malloc   -o CMakeFiles/cmTC_19f87.dir/CheckFunctionExists.c.o   -c /usr/share/cmake-3.16/Modules/CheckFunctionExists.c
<command-line>: warning: conflicting types for built-in function ‘malloc’; expected ‘void *(long unsigned int)’ [-Wbuiltin-declaration-mismatch]
/usr/share/cmake-3.16/Modules/CheckFunctionExists.c:7:3: note: in expansion of macro ‘CHECK_FUNCTION_EXISTS’
    7 |   CHECK_FUNCTION_EXISTS(void);
      |   ^~~~~~~~~~~~~~~~~~~~~
/usr/share/cmake-3.16/Modules/CheckFunctionExists.c:1:1: note: ‘malloc’ is declared in header ‘<stdlib.h>’
  +++ |+#include <stdlib.h>
    1 | #ifdef CHECK_FUNCTION_EXISTS
Linking C executable cmTC_19f87
/usr/bin/cmake -E cmake_link_script CMakeFiles/cmTC_19f87.dir/link.txt --verbose=1
/usr/bin/cc  -DCHECK_FUNCTION_EXISTS=malloc    CMakeFiles/cmTC_19f87.dir/CheckFunctionExists.c.o  -o cmTC_19f87  -ltcmalloc 
/usr/bin/ld: cannot find -ltcmalloc
collect2: error: ld returned 1 exit status
make[1]: *** [CMakeFiles/cmTC_19f87.dir/build.make:87: cmTC_19f87] Error 1
make[1]: Leaving directory '/home/ubuntu/code/bourbon/build/CMakeFiles/CMakeTmp'
make: *** [Makefile:121: cmTC_19f87/fast] Error 2



Determining if the F_FULLFSYNC exist failed with the following output:
Change Dir: /home/ubuntu/code/bourbon/build/CMakeFiles/CMakeTmp

Run Build Command(s):/usr/bin/make cmTC_873f2/fast && /usr/bin/make -f CMakeFiles/cmTC_873f2.dir/build.make CMakeFiles/cmTC_873f2.dir/build
make[1]: Entering directory '/home/ubuntu/code/bourbon/build/CMakeFiles/CMakeTmp'
Building CXX object CMakeFiles/cmTC_873f2.dir/CheckSymbolExists.cxx.o
/usr/bin/c++     -o CMakeFiles/cmTC_873f2.dir/CheckSymbolExists.cxx.o -c /home/ubuntu/code/bourbon/build/CMakeFiles/CMakeTmp/CheckSymbolExists.cxx
/home/ubuntu/code/bourbon/build/CMakeFiles/CMakeTmp/CheckSymbolExists.cxx: In function ‘int main(int, char**)’:
/home/ubuntu/code/bourbon/build/CMakeFiles/CMakeTmp/CheckSymbolExists.cxx:8:19: error: ‘F_FULLFSYNC’ was not declared in this scope
    8 |   return ((int*)(&F_FULLFSYNC))[argc];
      |                   ^~~~~~~~~~~
make[1]: *** [CMakeFiles/cmTC_873f2.dir/build.make:66: CMakeFiles/cmTC_873f2.dir/CheckSymbolExists.cxx.o] Error 1
make[1]: Leaving directory '/home/ubuntu/code/bourbon/build/CMakeFiles/CMakeTmp'
make: *** [Makefile:121: cmTC_873f2/fast] Error 2


File /home/ubuntu/code/bourbon/build/CMakeFiles/CMakeTmp/CheckSymbolExists.cxx:
/* */
#include <fcntl.h>

int main(int argc, char** argv)
{
  (void)argv;
#ifndef F_FULLFSYNC
  return ((int*)(&F_FULLFSYNC))[argc];
#else
  (void)argc;
  return 0;
#endif
}
Performing C++ SOURCE FILE Test HAVE_CLANG_THREAD_SAFETY failed with the following output:
Change Dir: /home/ubuntu/code/bourbon/build/CMakeFiles/CMakeTmp

Run Build Command(s):/usr/bin/make cmTC_6eb7c/fast && /usr/bin/make -f CMakeFiles/cmTC_6eb7c.dir/build.make CMakeFiles/cmTC_6eb7c.dir/build
make[1]: Entering directory '/home/ubuntu/code/bourbon/build/CMakeFiles/CMakeTmp'
Building CXX object CMakeFiles/cmTC_6eb7c.dir/src.cxx.o
/usr/bin/c++    -DHAVE_CLANG_THREAD_SAFETY -Werror   -o CMakeFiles/cmTC_6eb7c.dir/src.cxx.o -c /home/ubuntu/code/bourbon/build/CMakeFiles/CMakeTmp/src.cxx
/home/ubuntu/code/bourbon/build/CMakeFiles/CMakeTmp/src.cxx:2:34: error: ‘lockable’ attribute directive ignored [-Werror=attributes]
    2 | struct __attribute__((lockable)) Lock {
      |                                  ^~~~
/home/ubuntu/code/bourbon/build/CMakeFiles/CMakeTmp/src.cxx:3:59: error: ‘exclusive_lock_function’ attribute directive ignored [-Werror=attributes]
    3 |   void Acquire() __attribute__((exclusive_lock_function()));
      |                                                           ^
/home/ubuntu/code/bourbon/build/CMakeFiles/CMakeTmp/src.cxx:4:51: error: ‘unlock_function’ attribute directive ignored [-Werror=attributes]
    4 |   void Release() __attribute__((unlock_function()));
      |                                                   ^
/home/ubuntu/code/bourbon/build/CMakeFiles/CMakeTmp/src.cxx:8:46: error: ‘guarded_by’ attribute directive ignored [-Werror=attributes]
    8 |   int data_ __attribute__((guarded_by(lock_)));
      |                                              ^
cc1plus: all warnings being treated as errors
make[1]: *** [CMakeFiles/cmTC_6eb7c.dir/build.make:66: CMakeFiles/cmTC_6eb7c.dir/src.cxx.o] Error 1
make[1]: Leaving directory '/home/ubuntu/code/bourbon/build/CMakeFiles/CMakeTmp'
make: *** [Makefile:121: cmTC_6eb7c/fast] Error 2


Source file was:

struct __attribute__((lockable)) Lock {
  void Acquire() __attribute__((exclusive_lock_function()));
  void Release() __attribute__((unlock_function()));
};
struct ThreadSafeType {
  Lock lock_;
  int data_ __attribute__((guarded_by(lock_)));
};
int main() { return 0; }

Performing C SOURCE FILE Test CMAKE_HAVE_LIBC_PTHREAD failed with the following output:
Change Dir: /home/ubuntu/code/bourbon/build/CMakeFiles/CMakeTmp

Run Build Command(s):/usr/bin/make cmTC_27205/fast && /usr/bin/make -f CMakeFiles/cmTC_27205.dir/build.make CMakeFiles/cmTC_27205.dir/build
make[1]: Entering directory '/home/ubuntu/code/bourbon/build/CMakeFiles/CMakeTmp'
Building C object CMakeFiles/cmTC_27205.dir/src.c.o
/usr/bin/cc   -DCMAKE_HAVE_LIBC_PTHREAD -Werror   -o CMakeFiles/cmTC_27205.dir/src.c.o   -c /home/ubuntu/code/bourbon/build/CMakeFiles/CMakeTmp/src.c
Linking C executable cmTC_27205
/usr/bin/cmake -E cmake_link_script CMakeFiles/cmTC_27205.dir/link.txt --verbose=1
/usr/bin/cc  -DCMAKE_HAVE_LIBC_PTHREAD -Werror    CMakeFiles/cmTC_27205.dir/src.c.o  -o cmTC_27205 
/usr/bin/ld: CMakeFiles/cmTC_27205.dir/src.c.o: in function `main':
src.c:(.text+0x46): undefined reference to `pthread_create'
/usr/bin/ld: src.c:(.text+0x52): undefined reference to `pthread_detach'
/usr/bin/ld: src.c:(.text+0x63): undefined reference to `pthread_join'
collect2: error: ld returned 1 exit status
make[1]: *** [CMakeFiles/cmTC_27205.dir/build.make:87: cmTC_27205] Error 1
make[1]: Leaving directory '/home/ubuntu/code/bourbon/build/CMakeFiles/CMakeTmp'
make: *** [Makefile:121: cmTC_27205/fast] Error 2


Source file was:
#include <pthread.h>

void* test_func(void* data)
{
  return data;
}

int main(void)
{
  pthread_t thread;
  pthread_create(&thread, NULL, test_func, NULL);
  pthread_detach(thread);
  pthread_join(thread, NULL);
  pthread_atfork(NULL, NULL, NULL);
  pthread_exit(NULL);

  return 0;
}

Determining if the function pthread_create exists in the pthreads failed with the following output:
Change Dir: /home/ubuntu/code/bourbon/build/CMakeFiles/CMakeTmp

Run Build Command(s):/usr/bin/make cmTC_eaa61/fast && /usr/bin/make -f CMakeFiles/cmTC_eaa61.dir/build.make CMakeFiles/cmTC_eaa61.dir/build
make[1]: Entering directory '/home/ubuntu/code/bourbon/build/CMakeFiles/CMakeTmp'
Building C object CMakeFiles/cmTC_eaa61.dir/CheckFunctionExists.c.o
/usr/bin/cc   -DCHECK_FUNCTION_EXISTS=pthread_create -Werror   -o CMakeFiles/cmTC_eaa61.dir/CheckFunctionExists.c.o   -c /usr/share/cmake-3.16/Modules/CheckFunctionExists.c
Linking C executable cmTC_eaa61
/usr/bin/cmake -E cmake_link_script CMakeFiles/cmTC_eaa61.dir/link.txt --verbose=1
/usr/bin/cc  -DCHECK_FUNCTION_EXISTS=pthread_create -Werror    CMakeFiles/cmTC_eaa61.dir/CheckFunctionExists.c.o  -o cmTC_eaa61  -lpthreads 
/usr/bin/ld: cannot find -lpthreads
collect2: error: ld returned 1 exit status
make[1]: *** [CMakeFiles/cmTC_eaa61.dir/build.make:87: cmTC_eaa61] Error 1
make[1]: Leaving directory '/home/ubuntu/code/bourbon/build/CMakeFiles/CMakeTmp'
make: *** [Makefile:121: cmTC_eaa61/fast] Error 2



Determining if the function sqlite3_open exists in the sqlite3 failed with the following output:
Change Dir: /home/ubuntu/code/bourbon/build/CMakeFiles/CMakeTmp

Run Build Command(s):/usr/bin/make cmTC_9c0ff/fast && /usr/bin/make -f CMakeFiles/cmTC_9c0ff.dir/build.make CMakeFiles/cmTC_9c0ff.dir/build
make[1]: Entering directory '/home/ubuntu/code/bourbon/build/CMakeFiles/CMakeTmp'
Building C object CMakeFiles/cmTC_9c0ff.dir/CheckFunctionExists.c.o
/usr/bin/cc   -DCHECK_FUNCTION_EXISTS=sqlite3_open -Werror   -o CMakeFiles/cmTC_9c0ff.dir/CheckFunctionExists.c.o   -c /usr/share/cmake-3.16/Modules/CheckFunctionExists.c
Linking C executable cmTC_9c0ff
/usr/bin/cmake -E cmake_link_script CMakeFiles/cmTC_9c0ff.dir/link.txt --verbose=1
/usr/bin/cc  -DCHECK_FUNCTION_EXISTS=sqlite3_open -Werror    CMakeFiles/cmTC_9c0ff.dir/CheckFunctionExists.c.o  -o cmTC_9c0ff  -lsqlite3 
/usr/bin/ld: cannot find -lsqlite3
collect2: error: ld returned 1 exit status
make[1]: *** [CMakeFiles/cmTC_9c0ff.dir/build.make:87: cmTC_9c0ff] Error 1
make[1]: Leaving directory '/home/ubuntu/code/bourbon/build/CMakeFiles/CMakeTmp'
make: *** [Makefile:121: cmTC_9c0ff/fast] Error 2



Performing C++ SOURCE FILE Test HAVE_KYOTOCABINET failed with the following output:
Change Dir: /home/ubuntu/code/bourbon/build/CMakeFiles/CMakeTmp

Run Build Command(s):/usr/bin/make cmTC_8d19d/fast && /usr/bin/make -f CMakeFiles/cmTC_8d19d.dir/build.make CMakeFiles/cmTC_8d19d.dir/build
make[1]: Entering directory '/home/ubuntu/code/bourbon/build/CMakeFiles/CMakeTmp'
Building CXX object CMakeFiles/cmTC_8d19d.dir/src.cxx.o
/usr/bin/c++    -DHAVE_KYOTOCABINET -Werror   -o CMakeFiles/cmTC_8d19d.dir/src.cxx.o -c /home/ubuntu/code/bourbon/build/CMakeFiles/CMakeTmp/src.cxx
/home/ubuntu/code/bourbon/build/CMakeFiles/CMakeTmp/src.cxx:2:10: fatal error: kcpolydb.h: No such file or directory
    2 | #include <kcpolydb.h>
      |          ^~~~~~~~~~~~
compilation terminated.
make[1]: *** [CMakeFiles/cmTC_8d19d.dir/build.make:66: CMakeFiles/cmTC_8d19d.dir/src.cxx.o] Error 1
make[1]: Leaving directory '/home/ubuntu/code/bourbon/build/CMakeFiles/CMakeTmp'
make: *** [Makefile:121: cmTC_8d19d/fast] Error 2


Source file was:

#include <kcpolydb.h>

int main() {
  kyotocabinet::TreeDB* db = new kyotocabinet::TreeDB();
  delete db;
  return 0;
}
  
Determining if the function crc32c_value exists in the crc32c failed with the following output:
Change Dir: /root/bourbon/build/CMakeFiles/CMakeTmp

Run Build Command(s):/usr/bin/make cmTC_517da/fast && /usr/bin/make -f CMakeFiles/cmTC_517da.dir/build.make CMakeFiles/cmTC_517da.dir/build
make[1]: Entering directory '/root/bourbon/build/CMakeFiles/CMakeTmp'
Building C object CMakeFiles/cmTC_517da.dir/CheckFunctionExists.c.o
/usr/bin/cc   -DCHECK_FUNCTION_EXISTS=crc32c_value   -o CMakeFiles/cmTC_517da.dir/CheckFunctionExists.c.o   -c /usr/share/cmake-3.16/Modules/CheckFunctionExists.c
Linking C executable cmTC_517da
/usr/bin/cmake -E cmake_link_script CMakeFiles/cmTC_517da.dir/link.txt --verbose=1
/usr/bin/cc  -DCHECK_FUNCTION_EXISTS=crc32c_value    CMakeFiles/cmTC_517da.dir/CheckFunctionExists.c.o  -o cmTC_517da  -lcrc32c 
/usr/bin/ld: cannot find -lcrc32c
collect2: error: ld returned 1 exit status
make[1]: *** [CMakeFiles/cmTC_517da.dir/build.make:87: cmTC_517da] Error 1
make[1]: Leaving directory '/root/bourbon/build/CMakeFiles/CMakeTmp'
make: *** [Makefile:121: cmTC_517da/fast] Error 2



Determining if the function malloc exists in the tcmalloc failed with the following output:
Change Dir: /root/bourbon/build/CMakeFiles/CMakeTmp

Run Build Command(s):/usr/bin/make cmTC_fddf6/fast && /usr/bin/make -f CMakeFiles/cmTC_fddf6.dir/build.make CMakeFiles/cmTC_fddf6.dir/build
make[1]: Entering directory '/root/bourbon/build/CMakeFiles/CMakeTmp'
Building C object CMakeFiles/cmTC_fddf6.dir/CheckFunctionExists.c.o
/usr/bin/cc   -DCHECK_FUNCTION_EXISTS=malloc   -o CMakeFiles/cmTC_fddf6.dir/CheckFunctionExists.c.o   -c /usr/share/cmake-3.16/Modules/CheckFunctionExists.c
<command-line>: warning: conflicting types for built-in function ‘malloc’; expected ‘void *(long unsigned int)’ [-Wbuiltin-declaration-mismatch]
/usr/share/cmake-3.16/Modules/CheckFunctionExists.c:7:3: note: in expansion of macro ‘CHECK_FUNCTION_EXISTS’
    7 |   CHECK_FUNCTION_EXISTS(void);
      |   ^~~~~~~~~~~~~~~~~~~~~
/usr/share/cmake-3.16/Modules/CheckFunctionExists.c:1:1: note: ‘malloc’ is declared in header ‘<stdlib.h>’
  +++ |+#include <stdlib.h>
    1 | #ifdef CHECK_FUNCTION_EXISTS
Linking C executable cmTC_fddf6
/usr/bin/cmake -E cmake_link_script CMakeFiles/cmTC_fddf6.dir/link.txt --verbose=1
/usr/bin/cc  -DCHECK_FUNCTION_EXISTS=malloc    CMakeFiles/cmTC_fddf6.dir/CheckFunctionExists.c.o  -o cmTC_fddf6  -ltcmalloc 
/usr/bin/ld: cannot find -ltcmalloc
collect2: error: ld returned 1 exit status
make[1]: *** [CMakeFiles/cmTC_fddf6.dir/build.make:87: cmTC_fddf6] Error 1
make[1]: Leaving directory '/root/bourbon/build/CMakeFiles/CMakeTmp'
make: *** [Makefile:121: cmTC_fddf6/fast] Error 2



Determining if the F_FULLFSYNC exist failed with the following output:
Change Dir: /root/bourbon/build/CMakeFiles/CMakeTmp

Run Build Command(s):/usr/bin/make cmTC_164d3/fast && /usr/bin/make -f CMakeFiles/cmTC_164d3.dir/build.make CMakeFiles/cmTC_164d3.dir/build
make[1]: Entering directory '/root/bourbon/build/CMakeFiles/CMakeTmp'
Building CXX object CMakeFiles/cmTC_164d3.dir/CheckSymbolExists.cxx.o
/usr/bin/c++     -o CMakeFiles/cmTC_164d3.dir/CheckSymbolExists.cxx.o -c /root/bourbon/build/CMakeFiles/CMakeTmp/CheckSymbolExists.cxx
/root/bourbon/build/CMakeFiles/CMakeTmp/CheckSymbolExists.cxx: In function ‘int main(int, char**)’:
/root/bourbon/build/CMakeFiles/CMakeTmp/CheckSymbolExists.cxx:8:19: error: ‘F_FULLFSYNC’ was not declared in this scope
    8 |   return ((int*)(&F_FULLFSYNC))[argc];
      |                   ^~~~~~~~~~~
make[1]: *** [CMakeFiles/cmTC_164d3.dir/build.make:66: CMakeFiles/cmTC_164d3.dir/CheckSymbolExists.cxx.o] Error 1
make[1]: Leaving directory '/root/bourbon/build/CMakeFiles/CMakeTmp'
make: *** [Makefile:121: cmTC_164d3/fast] Error 2


File /root/bourbon/build/CMakeFiles/CMakeTmp/CheckSymbolExists.cxx:
/* */
#include <fcntl.h>

int main(int argc, char** argv)
{
  (void)argv;
#ifndef F_FULLFSYNC
  return ((int*)(&F_FULLFSYNC))[argc];
#else
  (void)argc;
  return 0;
#endif
}
Performing C++ SOURCE FILE Test HAVE_CLANG_THREAD_SAFETY failed with the following output:
Change Dir: /root/bourbon/build/CMakeFiles/CMakeTmp

Run Build Command(s):/usr/bin/make cmTC_d8307/fast && /usr/bin/make -f CMakeFiles/cmTC_d8307.dir/build.make CMakeFiles/cmTC_d8307.dir/build
make[1]: Entering directory '/root/bourbon/build/CMakeFiles/CMakeTmp'
Building CXX object CMakeFiles/cmTC_d8307.dir/src.cxx.o
/usr/bin/c++    -DHAVE_CLANG_THREAD_SAFETY -Werror   -o CMakeFiles/cmTC_d8307.dir/src.cxx.o -c /root/bourbon/build/CMakeFiles/CMakeTmp/src.cxx
/root/bourbon/build/CMakeFiles/CMakeTmp/src.cxx:2:34: error: ‘lockable’ attribute directive ignored [-Werror=attributes]
    2 | struct __attribute__((lockable)) Lock {
      |                                  ^~~~
/root/bourbon/build/CMakeFiles/CMakeTmp/src.cxx:3:59: error: ‘exclusive_lock_function’ attribute directive ignored [-Werror=attributes]
    3 |   void Acquire() __attribute__((exclusive_lock_function()));
      |                                                           ^
/root/bourbon/build/CMakeFiles/CMakeTmp/src.cxx:4:51: error: ‘unlock_function’ attribute directive ignored [-Werror=attributes]
    4 |   void Release() __attribute__((unlock_function()));
      |                                                   ^
/root/bourbon/build/CMakeFiles/CMakeTmp/src.cxx:8:46: error: ‘guarded_by’ attribute directive ignored [-Werror=attributes]
    8 |   int data_ __attribute__((guarded_by(lock_)));
      |                                              ^
cc1plus: all warnings being treated as errors
make[1]: *** [CMakeFiles/cmTC_d8307.dir/build.make:66: CMakeFiles/cmTC_d8307.dir/src.cxx.o] Error 1
make[1]: Leaving directory '/root/bourbon/build/CMakeFiles/CMakeTmp'
make: *** [Makefile:121: cmTC_d8307/fast] Error 2


Source file was:

struct __attribute__((lockable)) Lock {
  void Acquire() __attribute__((exclusive_lock_function()));
  void Release() __attribute__((unlock_function()));
};
struct ThreadSafeType {
  Lock lock_;
  int data_ __attribute__((guarded_by(lock_)));
};
int main() { return 0; }

Performing C SOURCE FILE Test CMAKE_HAVE_LIBC_PTHREAD failed with the following output:
Change Dir: /root/bourbon/build/CMakeFiles/CMakeTmp

Run Build Command(s):/usr/bin/make cmTC_54adf/fast && /usr/bin/make -f CMakeFiles/cmTC_54adf.dir/build.make CMakeFiles/cmTC_54adf.dir/build
make[1]: Entering directory '/root/bourbon/build/CMakeFiles/CMakeTmp'
Building C object CMakeFiles/cmTC_54adf.dir/src.c.o
/usr/bin/cc   -DCMAKE_HAVE_LIBC_PTHREAD -Werror   -o CMakeFiles/cmTC_54adf.dir/src.c.o   -c /root/bourbon/build/CMakeFiles/CMakeTmp/src.c
Linking C executable cmTC_54adf
/usr/bin/cmake -E cmake_link_script CMakeFiles/cmTC_54adf.dir/link.txt --verbose=1
/usr/bin/cc  -DCMAKE_HAVE_LIBC_PTHREAD -Werror    CMakeFiles/cmTC_54adf.dir/src.c.o  -o cmTC_54adf 
/usr/bin/ld: CMakeFiles/cmTC_54adf.dir/src.c.o: in function `main':
src.c:(.text+0x46): undefined reference to `pthread_create'
/usr/bin/ld: src.c:(.text+0x52): undefined reference to `pthread_detach'
/usr/bin/ld: src.c:(.text+0x63): undefined reference to `pthread_join'
collect2: error: ld returned 1 exit status
make[1]: *** [CMakeFiles/cmTC_54adf.dir/build.make:87: cmTC_54adf] Error 1
make[1]: Leaving directory '/root/bourbon/build/CMakeFiles/CMakeTmp'
make: *** [Makefile:121: cmTC_54adf/fast] Error 2


Source file was:
#include <pthread.h>

void* test_func(void* data)
{
  return data;
}

int main(void)
{
  pthread_t thread;
  pthread_create(&thread, NULL, test_func, NULL);
  pthread_detach(thread);
  pthread_join(thread, NULL);
  pthread_atfork(NULL, NULL, NULL);
  pthread_exit(NULL);

  return 0;
}

Determining if the function pthread_create exists in the pthreads failed with the following output:
Change Dir: /root/bourbon/build/CMakeFiles/CMakeTmp

Run Build Command(s):/usr/bin/make cmTC_ec341/fast && /usr/bin/make -f CMakeFiles/cmTC_ec341.dir/build.make CMakeFiles/cmTC_ec341.dir/build
make[1]: Entering directory '/root/bourbon/build/CMakeFiles/CMakeTmp'
Building C object CMakeFiles/cmTC_ec341.dir/CheckFunctionExists.c.o
/usr/bin/cc   -DCHECK_FUNCTION_EXISTS=pthread_create -Werror   -o CMakeFiles/cmTC_ec341.dir/CheckFunctionExists.c.o   -c /usr/share/cmake-3.16/Modules/CheckFunctionExists.c
Linking C executable cmTC_ec341
/usr/bin/cmake -E cmake_link_script CMakeFiles/cmTC_ec341.dir/link.txt --verbose=1
/usr/bin/cc  -DCHECK_FUNCTION_EXISTS=pthread_create -Werror    CMakeFiles/cmTC_ec341.dir/CheckFunctionExists.c.o  -o cmTC_ec341  -lpthreads 
/usr/bin/ld: cannot find -lpthreads
collect2: error: ld returned 1 exit status
make[1]: *** [CMakeFiles/cmTC_ec341.dir/build.make:87: cmTC_ec341] Error 1
make[1]: Leaving directory '/root/bourbon/build/CMakeFiles/CMakeTmp'
make: *** [Makefile:121: cmTC_ec341/fast] Error 2



Determining if the function sqlite3_open exists in the sqlite3 failed with the following output:
Change Dir: /root/bourbon/build/CMakeFiles/CMakeTmp

Run Build Command(s):/usr/bin/make cmTC_12350/fast && /usr/bin/make -f CMakeFiles/cmTC_12350.dir/build.make CMakeFiles/cmTC_12350.dir/build
make[1]: Entering directory '/root/bourbon/build/CMakeFiles/CMakeTmp'
Building C object CMakeFiles/cmTC_12350.dir/CheckFunctionExists.c.o
/usr/bin/cc   -DCHECK_FUNCTION_EXISTS=sqlite3_open -Werror   -o CMakeFiles/cmTC_12350.dir/CheckFunctionExists.c.o   -c /usr/share/cmake-3.16/Modules/CheckFunctionExists.c
Linking C executable cmTC_12350
/usr/bin/cmake -E cmake_link_script CMakeFiles/cmTC_12350.dir/link.txt --verbose=1
/usr/bin/cc  -DCHECK_FUNCTION_EXISTS=sqlite3_open -Werror    CMakeFiles/cmTC_12350.dir/CheckFunctionExists.c.o  -o cmTC_12350  -lsqlite3 
/usr/bin/ld: cannot find -lsqlite3
collect2: error: ld returned 1 exit status
make[1]: *** [CMakeFiles/cmTC_12350.dir/build.make:87: cmTC_12350] Error 1
make[1]: Leaving directory '/root/bourbon/build/CMakeFiles/CMakeTmp'
make: *** [Makefile:121: cmTC_12350/fast] Error 2



Performing C++ SOURCE FILE Test HAVE_KYOTOCABINET failed with the following output:
Change Dir: /root/bourbon/build/CMakeFiles/CMakeTmp

Run Build Command(s):/usr/bin/make cmTC_53c31/fast && /usr/bin/make -f CMakeFiles/cmTC_53c31.dir/build.make CMakeFiles/cmTC_53c31.dir/build
make[1]: Entering directory '/root/bourbon/build/CMakeFiles/CMakeTmp'
Building CXX object CMakeFiles/cmTC_53c31.dir/src.cxx.o
/usr/bin/c++    -DHAVE_KYOTOCABINET -Werror   -o CMakeFiles/cmTC_53c31.dir/src.cxx.o -c /root/bourbon/build/CMakeFiles/CMakeTmp/src.cxx
/root/bourbon/build/CMakeFiles/CMakeTmp/src.cxx:2:10: fatal error: kcpolydb.h: No such file or directory
    2 | #include <kcpolydb.h>
      |          ^~~~~~~~~~~~
compilation terminated.
make[1]: *** [CMakeFiles/cmTC_53c31.dir/build.make:66: CMakeFiles/cmTC_53c31.dir/src.cxx.o] Error 1
make[1]: Leaving directory '/root/bourbon/build/CMakeFiles/CMakeTmp'
make: *** [Makefile:121: cmTC_53c31/fast] Error 2


Source file was:

#include <kcpolydb.h>

int main() {
  kyotocabinet::TreeDB* db = new kyotocabinet::TreeDB();
  delete db;
  return 0;
}
  
